{"level":"info","message":"REDIS_URL not set - using in-memory Socket.io adapter","service":"sikizwa-api","timestamp":"2026-05-24 17:11:53"}
{"level":"warn","message":"RedisClient URL not provided, Redis will be disabled","service":"sikizwa-api","timestamp":"2026-05-24 17:11:53"}
{"level":"warn","message":"Redis not immediately available, continuing anyway. Redis connection will be established asynchronously.","service":"sikizwa-api","timestamp":"2026-05-24 17:11:53"}
{"level":"error","message":"MongoDB connection skipped: MONGO_URI not set","service":"sikizwa-api","timestamp":"2026-05-24 17:11:53"}
{"level":"info","message":"Server running on port 4011","service":"sikizwa-api","timestamp":"2026-05-24 17:11:53"}
{"level":"info","message":"Environment: development","service":"sikizwa-api","timestamp":"2026-05-24 17:11:53"}
{"level":"info","message":"Redis URL: not configured","service":"sikizwa-api","timestamp":"2026-05-24 17:11:53"}
{"level":"info","message":"REDIS_URL not set - using in-memory Socket.io adapter","service":"sikizwa-api","timestamp":"2026-05-24 18:24:31"}
{"level":"warn","message":"RedisClient URL not provided, Redis will be disabled","service":"sikizwa-api","timestamp":"2026-05-24 18:24:31"}
{"level":"warn","message":"Redis not immediately available, continuing anyway. Redis connection will be established asynchronously.","service":"sikizwa-api","timestamp":"2026-05-24 18:24:31"}
{"level":"error","message":"MongoDB connection skipped: MONGO_URI not set","service":"sikizwa-api","timestamp":"2026-05-24 18:24:31"}
{"level":"info","message":"Server running on port 4018","service":"sikizwa-api","timestamp":"2026-05-24 18:24:31"}
{"level":"info","message":"Environment: development","service":"sikizwa-api","timestamp":"2026-05-24 18:24:31"}
{"level":"info","message":"Redis URL: not configured","service":"sikizwa-api","timestamp":"2026-05-24 18:24:31"}
{"hasAuthorization":false,"level":"debug","message":"CSRF protection skipped for route","origin":null,"path":"/api/admin/signup","service":"sikizwa-api","timestamp":"2026-05-24 18:26:55"}
{"error":"User.find(...).select is not a function","level":"error","message":"Failed to notify admins about newly created report","reportId":"6847b6b6c09fa12f0d83a1dd","service":"sikizwa-api","timestamp":"2026-05-25 21:44:51"}
{"contactCount":2,"level":"info","message":"Emergency contacts saved","service":"sikizwa-api","timestamp":"2026-05-26 14:28:07","userId":"user-1"}
{"contactCount":2,"level":"info","message":"Emergency contacts saved","service":"sikizwa-api","timestamp":"2026-05-26 14:28:34","userId":"user-1"}
{"contactCount":2,"level":"info","message":"Emergency contacts saved","service":"sikizwa-api","timestamp":"2026-05-26 14:37:50","userId":"user-1"}
{"level":"info","message":"Starting report creation","requestPayload":{"anonymousSubmission":false,"description":"This is a valid description for a report, long enough to pass validation.","incidentType":"Physical Violence","location":"Nearby hospital","priority":"medium","reportType":"problem"},"service":"sikizwa-api","timestamp":"2026-05-27 08:15:19","userId":"650000000000000000000000"}
{"level":"info","message":"Report payload validated and ready for persistence","payload":{"anonymousSubmission":false,"description":"This is a valid description for a report, long enough to pass validation.","incidentType":"Physical Violence","location":"Nearby hospital","priority":"medium","reportType":"problem","riskLevel":"low","status":"pending","timestamp":"2026-05-27T05:15:19.134Z","title":"Physical Violence","type":"support"},"service":"sikizwa-api","timestamp":"2026-05-27 08:15:19","userId":"650000000000000000000000"}
{"error":"Operation `users.find()` buffering timed out after 10000ms","level":"error","message":"Failed to notify admins about newly created report","reportId":"1234567890abcdef12345678","service":"sikizwa-api","timestamp":"2026-05-27 08:15:29"}
